ERROR - 2025-02-26 00:25:20 --> user id is : 6
ERROR - 2025-02-26 00:25:21 --> user id is : 6
ERROR - 2025-02-26 00:25:22 --> user id is : 6
ERROR - 2025-02-26 00:44:11 --> user id is : 6
ERROR - 2025-02-26 00:44:12 --> user id is : 6
ERROR - 2025-02-26 00:44:25 --> user id is : 6
ERROR - 2025-02-26 00:44:36 --> code is 0006-022525-104206
ERROR - 2025-02-26 00:44:48 --> user id is : 6
ERROR - 2025-02-26 00:44:50 --> user id is : 6
ERROR - 2025-02-26 00:44:50 --> user id is : 6
ERROR - 2025-02-26 00:45:04 --> user id is : 6
ERROR - 2025-02-26 00:45:17 --> user id is : 6
ERROR - 2025-02-26 00:45:19 --> user id is : 6
ERROR - 2025-02-26 00:45:19 --> user id is : 6
ERROR - 2025-02-26 00:46:44 --> user id is : 6
ERROR - 2025-02-26 00:46:44 --> user id is : 6
ERROR - 2025-02-26 00:46:48 --> user id is : 6
ERROR - 2025-02-26 00:47:01 --> user id is : 6
ERROR - 2025-02-26 00:47:02 --> user id is : 6
ERROR - 2025-02-26 00:47:02 --> user id is : 6
ERROR - 2025-02-26 00:47:57 --> user id is : 6
ERROR - 2025-02-26 00:47:58 --> user id is : 6
ERROR - 2025-02-26 00:48:52 --> user id is : 6
ERROR - 2025-02-26 00:48:52 --> user id is : 6
ERROR - 2025-02-26 00:49:28 --> user id is : 6
ERROR - 2025-02-26 00:49:28 --> user id is : 6
ERROR - 2025-02-26 00:50:14 --> user id is : 6
ERROR - 2025-02-26 00:50:15 --> user id is : 6
ERROR - 2025-02-26 00:50:35 --> user id is : 6
ERROR - 2025-02-26 00:50:35 --> user id is : 6
ERROR - 2025-02-26 00:51:24 --> user id is : 6
ERROR - 2025-02-26 00:51:25 --> user id is : 6
ERROR - 2025-02-26 00:51:33 --> user id is : 6
ERROR - 2025-02-26 00:51:34 --> user id is : 6
ERROR - 2025-02-26 00:52:13 --> user id is : 6
ERROR - 2025-02-26 00:52:14 --> user id is : 6
ERROR - 2025-02-26 00:52:15 --> user id is : 6
ERROR - 2025-02-26 00:52:30 --> user id is : 6
ERROR - 2025-02-26 00:52:55 --> user id is : 6
ERROR - 2025-02-26 00:52:57 --> user id is : 6
ERROR - 2025-02-26 00:52:57 --> user id is : 6
ERROR - 2025-02-26 00:53:29 --> user id is : 6
ERROR - 2025-02-26 00:53:29 --> user id is : 6
ERROR - 2025-02-26 00:56:35 --> user id is : 6
ERROR - 2025-02-26 00:56:35 --> user id is : 6
ERROR - 2025-02-26 00:56:57 --> user id is : 6
ERROR - 2025-02-26 00:56:57 --> user id is : 6
ERROR - 2025-02-26 00:57:14 --> user id is : 6
ERROR - 2025-02-26 00:57:14 --> user id is : 6
ERROR - 2025-02-26 00:57:38 --> user id is : 6
ERROR - 2025-02-26 00:57:38 --> user id is : 6
ERROR - 2025-02-26 00:58:51 --> user id is : 6
ERROR - 2025-02-26 00:58:52 --> user id is : 6
ERROR - 2025-02-26 00:59:25 --> user id is : 6
ERROR - 2025-02-26 00:59:25 --> user id is : 6
ERROR - 2025-02-26 01:02:36 --> user id is : 6
ERROR - 2025-02-26 01:02:36 --> user id is : 6
ERROR - 2025-02-26 01:11:37 --> user id is : 6
ERROR - 2025-02-26 01:12:09 --> code is 0006-022625-005217
ERROR - 2025-02-26 01:20:58 --> user id is : 6
ERROR - 2025-02-26 01:20:59 --> user id is : 6
ERROR - 2025-02-26 01:20:59 --> user id is : 6
ERROR - 2025-02-26 01:26:39 --> user id is : 6
ERROR - 2025-02-26 01:26:39 --> user id is : 6
ERROR - 2025-02-26 01:27:39 --> user id is : 6
ERROR - 2025-02-26 01:27:48 --> code is 0006-022625-005217
ERROR - 2025-02-26 01:28:19 --> code is 0006-022625-005217
ERROR - 2025-02-26 01:31:46 --> code is 0006-022625-005217
ERROR - 2025-02-26 01:35:35 --> user id is : 6
ERROR - 2025-02-26 01:35:37 --> user id is : 6
ERROR - 2025-02-26 01:35:37 --> user id is : 6
ERROR - 2025-02-26 01:37:50 --> user id is : 6
ERROR - 2025-02-26 01:37:50 --> user id is : 6
ERROR - 2025-02-26 01:38:10 --> user id is : 6
ERROR - 2025-02-26 01:38:10 --> user id is : 6
ERROR - 2025-02-26 01:39:16 --> user id is : 6
ERROR - 2025-02-26 01:39:17 --> user id is : 6
ERROR - 2025-02-26 01:47:35 --> user id is : 6
ERROR - 2025-02-26 01:47:36 --> user id is : 6
ERROR - 2025-02-26 01:48:08 --> user id is : 6
ERROR - 2025-02-26 01:48:08 --> user id is : 6
ERROR - 2025-02-26 01:54:00 --> user id is : 6
ERROR - 2025-02-26 01:54:00 --> user id is : 6
ERROR - 2025-02-26 02:03:47 --> user id is : 6
ERROR - 2025-02-26 02:03:48 --> user id is : 6
ERROR - 2025-02-26 02:03:48 --> user id is : 6
ERROR - 2025-02-26 02:11:31 --> user id is : 6
ERROR - 2025-02-26 02:11:32 --> user id is : 6
ERROR - 2025-02-26 02:11:32 --> user id is : 6
ERROR - 2025-02-26 02:11:53 --> user id is : 6
ERROR - 2025-02-26 02:11:54 --> user id is : 6
ERROR - 2025-02-26 02:11:54 --> user id is : 6
ERROR - 2025-02-26 02:12:22 --> user id is : 6
ERROR - 2025-02-26 02:12:22 --> user id is : 6
ERROR - 2025-02-26 02:16:07 --> user id is : 6
ERROR - 2025-02-26 02:16:07 --> user id is : 6
ERROR - 2025-02-26 02:16:28 --> user id is : 6
ERROR - 2025-02-26 02:16:29 --> user id is : 6
ERROR - 2025-02-26 02:16:52 --> user id is : 6
ERROR - 2025-02-26 02:16:53 --> user id is : 6
ERROR - 2025-02-26 02:17:06 --> user id is : 6
ERROR - 2025-02-26 02:17:06 --> user id is : 6
ERROR - 2025-02-26 02:17:33 --> user id is : 6
ERROR - 2025-02-26 02:17:34 --> user id is : 6
ERROR - 2025-02-26 02:18:03 --> user id is : 6
ERROR - 2025-02-26 02:18:03 --> user id is : 6
ERROR - 2025-02-26 02:18:12 --> user id is : 6
ERROR - 2025-02-26 02:19:40 --> user id is : 6
ERROR - 2025-02-26 02:19:40 --> user id is : 6
ERROR - 2025-02-26 02:20:13 --> user id is : 6
ERROR - 2025-02-26 02:20:14 --> user id is : 6
ERROR - 2025-02-26 02:20:14 --> user id is : 6
ERROR - 2025-02-26 02:21:07 --> user id is : 6
ERROR - 2025-02-26 02:21:08 --> user id is : 6
ERROR - 2025-02-26 02:21:08 --> user id is : 6
ERROR - 2025-02-26 02:22:16 --> user id is : 6
ERROR - 2025-02-26 02:22:16 --> user id is : 6
ERROR - 2025-02-26 02:22:16 --> user id is : 6
ERROR - 2025-02-26 02:22:59 --> user id is : 6
ERROR - 2025-02-26 02:22:59 --> user id is : 6
ERROR - 2025-02-26 02:22:59 --> user id is : 6
ERROR - 2025-02-26 02:24:09 --> user id is : 6
ERROR - 2025-02-26 02:24:09 --> user id is : 6
ERROR - 2025-02-26 02:24:10 --> user id is : 6
ERROR - 2025-02-26 02:24:27 --> user id is : 6
ERROR - 2025-02-26 02:24:27 --> user id is : 6
ERROR - 2025-02-26 02:24:28 --> user id is : 6
ERROR - 2025-02-26 02:25:27 --> user id is : 6
ERROR - 2025-02-26 02:25:28 --> user id is : 6
ERROR - 2025-02-26 02:27:21 --> user id is : 6
ERROR - 2025-02-26 02:27:21 --> user id is : 6
ERROR - 2025-02-26 02:27:44 --> user id is : 6
ERROR - 2025-02-26 02:29:27 --> user id is : 6
ERROR - 2025-02-26 02:29:28 --> user id is : 6
ERROR - 2025-02-26 02:29:28 --> user id is : 6
ERROR - 2025-02-26 02:29:47 --> user id is : 6
ERROR - 2025-02-26 02:29:59 --> user id is : 6
ERROR - 2025-02-26 02:30:00 --> user id is : 6
ERROR - 2025-02-26 02:30:00 --> user id is : 6
ERROR - 2025-02-26 02:34:37 --> user id is : 6
ERROR - 2025-02-26 02:34:40 --> user id is : 6
ERROR - 2025-02-26 02:34:40 --> user id is : 6
ERROR - 2025-02-26 02:34:46 --> user id is : 6
ERROR - 2025-02-26 02:34:54 --> code is 0006-022625-022948
ERROR - 2025-02-26 02:35:29 --> user id is : 6
ERROR - 2025-02-26 02:35:34 --> code is 0006-022625-022948
ERROR - 2025-02-26 02:42:51 --> user id is : 6
ERROR - 2025-02-26 02:42:57 --> user id is : 6
ERROR - 2025-02-26 02:43:13 --> user id is : 6
ERROR - 2025-02-26 02:43:13 --> user id is : 6
ERROR - 2025-02-26 02:45:59 --> user id is : 6
ERROR - 2025-02-26 02:46:16 --> user id is : 6
ERROR - 2025-02-26 02:46:18 --> user id is : 6
ERROR - 2025-02-26 02:46:18 --> user id is : 6
ERROR - 2025-02-26 02:46:22 --> user id is : 6
ERROR - 2025-02-26 02:46:34 --> user id is : 6
ERROR - 2025-02-26 02:46:41 --> user id is : 6
ERROR - 2025-02-26 02:46:41 --> user id is : 6
ERROR - 2025-02-26 02:46:42 --> user id is : 6
ERROR - 2025-02-26 02:47:08 --> user id is : 6
ERROR - 2025-02-26 02:47:09 --> user id is : 6
ERROR - 2025-02-26 02:47:09 --> user id is : 6
ERROR - 2025-02-26 02:47:45 --> user id is : 6
ERROR - 2025-02-26 02:47:46 --> user id is : 6
ERROR - 2025-02-26 02:47:49 --> user id is : 6
ERROR - 2025-02-26 02:47:58 --> code is 0006-022625-024622
ERROR - 2025-02-26 02:59:36 --> user id is : 6
ERROR - 2025-02-26 02:59:37 --> user id is : 6
ERROR - 2025-02-26 02:59:37 --> user id is : 6
ERROR - 2025-02-26 02:59:37 --> user id is : 6
ERROR - 2025-02-26 03:00:04 --> user id is : 6
ERROR - 2025-02-26 03:01:27 --> user id is : 6
ERROR - 2025-02-26 03:01:28 --> user id is : 6
ERROR - 2025-02-26 03:01:28 --> user id is : 6
ERROR - 2025-02-26 03:01:30 --> user id is : 6
ERROR - 2025-02-26 03:01:32 --> user id is : 6
ERROR - 2025-02-26 03:01:32 --> user id is : 6
ERROR - 2025-02-26 03:01:33 --> user id is : 6
ERROR - 2025-02-26 03:01:48 --> user id is : 6
ERROR - 2025-02-26 03:02:24 --> user id is : 6
ERROR - 2025-02-26 03:02:30 --> user id is : 6
ERROR - 2025-02-26 03:02:36 --> user id is : 6
ERROR - 2025-02-26 03:03:15 --> user id is : 6
ERROR - 2025-02-26 03:03:22 --> user id is : 6
ERROR - 2025-02-26 03:04:19 --> user id is : 6
ERROR - 2025-02-26 03:04:36 --> user id is : 6
ERROR - 2025-02-26 03:04:38 --> user id is : 6
ERROR - 2025-02-26 03:04:38 --> user id is : 6
ERROR - 2025-02-26 03:04:40 --> user id is : 6
ERROR - 2025-02-26 03:05:50 --> user id is : 6
ERROR - 2025-02-26 03:06:18 --> user id is : 6
ERROR - 2025-02-26 03:06:41 --> user id is : 6
ERROR - 2025-02-26 03:06:42 --> user id is : 6
ERROR - 2025-02-26 03:06:42 --> user id is : 6
ERROR - 2025-02-26 03:06:44 --> user id is : 6
ERROR - 2025-02-26 03:10:11 --> user id is : 6
ERROR - 2025-02-26 03:10:12 --> user id is : 6
ERROR - 2025-02-26 03:10:12 --> user id is : 6
ERROR - 2025-02-26 03:10:48 --> user id is : 6
ERROR - 2025-02-26 03:10:48 --> user id is : 6
ERROR - 2025-02-26 03:10:55 --> user id is : 6
ERROR - 2025-02-26 03:10:59 --> user id is : 6
ERROR - 2025-02-26 03:11:00 --> user id is : 6
ERROR - 2025-02-26 03:11:00 --> user id is : 6
ERROR - 2025-02-26 03:11:02 --> user id is : 6
ERROR - 2025-02-26 03:11:32 --> user id is : 6
ERROR - 2025-02-26 03:11:56 --> user id is : 6
ERROR - 2025-02-26 03:11:57 --> user id is : 6
ERROR - 2025-02-26 03:11:57 --> user id is : 6
ERROR - 2025-02-26 03:12:00 --> user id is : 6
ERROR - 2025-02-26 03:12:23 --> user id is : 6
ERROR - 2025-02-26 03:12:24 --> user id is : 6
ERROR - 2025-02-26 03:12:24 --> user id is : 6
ERROR - 2025-02-26 03:12:46 --> user id is : 6
ERROR - 2025-02-26 03:13:02 --> user id is : 6
ERROR - 2025-02-26 03:13:03 --> user id is : 6
ERROR - 2025-02-26 03:13:03 --> user id is : 6
ERROR - 2025-02-26 03:13:50 --> user id is : 6
ERROR - 2025-02-26 03:13:50 --> user id is : 6
ERROR - 2025-02-26 03:13:53 --> user id is : 6
ERROR - 2025-02-26 03:13:54 --> user id is : 6
ERROR - 2025-02-26 03:13:55 --> user id is : 6
ERROR - 2025-02-26 03:13:56 --> user id is : 6
ERROR - 2025-02-26 03:14:12 --> user id is : 6
ERROR - 2025-02-26 03:14:13 --> user id is : 6
ERROR - 2025-02-26 03:14:14 --> user id is : 6
ERROR - 2025-02-26 03:14:38 --> user id is : 6
ERROR - 2025-02-26 03:14:38 --> user id is : 6
ERROR - 2025-02-26 03:14:55 --> user id is : 6
ERROR - 2025-02-26 03:15:40 --> user id is : 6
ERROR - 2025-02-26 03:15:41 --> user id is : 6
ERROR - 2025-02-26 03:15:41 --> user id is : 6
ERROR - 2025-02-26 03:15:53 --> user id is : 6
ERROR - 2025-02-26 03:15:53 --> user id is : 6
ERROR - 2025-02-26 03:16:15 --> user id is : 6
ERROR - 2025-02-26 03:16:16 --> user id is : 6
ERROR - 2025-02-26 03:16:26 --> user id is : 6
ERROR - 2025-02-26 03:16:48 --> user id is : 6
ERROR - 2025-02-26 03:16:49 --> user id is : 6
ERROR - 2025-02-26 03:16:49 --> user id is : 6
ERROR - 2025-02-26 03:16:50 --> user id is : 6
ERROR - 2025-02-26 03:16:59 --> user id is : 6
ERROR - 2025-02-26 03:17:03 --> user id is : 6
ERROR - 2025-02-26 03:17:07 --> user id is : 6
ERROR - 2025-02-26 03:17:10 --> user id is : 6
ERROR - 2025-02-26 03:17:53 --> user id is : 6
ERROR - 2025-02-26 03:18:18 --> user id is : 6
ERROR - 2025-02-26 03:18:34 --> user id is : 6
ERROR - 2025-02-26 03:18:35 --> user id is : 6
ERROR - 2025-02-26 03:18:36 --> user id is : 6
ERROR - 2025-02-26 03:22:00 --> user id is : 6
ERROR - 2025-02-26 03:22:46 --> user id is : 6
ERROR - 2025-02-26 03:22:51 --> user id is : 6
ERROR - 2025-02-26 03:22:54 --> user id is : 6
ERROR - 2025-02-26 03:22:55 --> user id is : 6
ERROR - 2025-02-26 03:22:55 --> user id is : 6
ERROR - 2025-02-26 03:22:57 --> user id is : 6
ERROR - 2025-02-26 03:22:59 --> user id is : 6
ERROR - 2025-02-26 03:23:06 --> user id is : 6
ERROR - 2025-02-26 03:23:07 --> user id is : 6
ERROR - 2025-02-26 03:23:07 --> user id is : 6
ERROR - 2025-02-26 03:23:14 --> user id is : 6
ERROR - 2025-02-26 03:23:36 --> user id is : 6
ERROR - 2025-02-26 03:23:56 --> user id is : 6
ERROR - 2025-02-26 03:23:56 --> user id is : 6
ERROR - 2025-02-26 03:24:00 --> user id is : 6
ERROR - 2025-02-26 03:24:09 --> user id is : 6
ERROR - 2025-02-26 03:24:12 --> user id is : 6
ERROR - 2025-02-26 03:24:12 --> user id is : 6
ERROR - 2025-02-26 04:53:23 --> user id is : 6
CRITICAL - 2025-02-26 05:01:30 --> CodeIgniter\HTTP\Exceptions\BadRequestException: The URI you submitted has disallowed characters: "   valueOfElement..dtgroup_pic'"
[Method: GET, Route: uploads/%20%20%20valueOfElement..dtgroup_pic%27]
in SYSTEMPATH\Router\Router.php on line 736.
 1 SYSTEMPATH\Router\Router.php(203): CodeIgniter\Router\Router->checkDisallowedChars('uploads/   valueOfElement..dtgroup_pic\'')
 2 SYSTEMPATH\CodeIgniter.php(834): CodeIgniter\Router\Router->handle('uploads/   valueOfElement..dtgroup_pic\'')
 3 SYSTEMPATH\CodeIgniter.php(457): CodeIgniter\CodeIgniter->tryToRouteIt(Object(CodeIgniter\Router\RouteCollection))
 4 SYSTEMPATH\CodeIgniter.php(355): CodeIgniter\CodeIgniter->handleRequest(null, Object(Config\Cache), false)
 5 SYSTEMPATH\Boot.php(312): CodeIgniter\CodeIgniter->run()
 6 SYSTEMPATH\Boot.php(67): CodeIgniter\Boot::runCodeIgniter(Object(CodeIgniter\CodeIgniter))
 7 FCPATH\index.php(56): CodeIgniter\Boot::bootWeb(Object(Config\Paths))
CRITICAL - 2025-02-26 05:01:57 --> CodeIgniter\HTTP\Exceptions\BadRequestException: The URI you submitted has disallowed characters: "   valueOfElement..dtgroup_pic'"
[Method: GET, Route: uploads/%20%20%20valueOfElement..dtgroup_pic%27]
in SYSTEMPATH\Router\Router.php on line 736.
 1 SYSTEMPATH\Router\Router.php(203): CodeIgniter\Router\Router->checkDisallowedChars('uploads/   valueOfElement..dtgroup_pic\'')
 2 SYSTEMPATH\CodeIgniter.php(834): CodeIgniter\Router\Router->handle('uploads/   valueOfElement..dtgroup_pic\'')
 3 SYSTEMPATH\CodeIgniter.php(457): CodeIgniter\CodeIgniter->tryToRouteIt(Object(CodeIgniter\Router\RouteCollection))
 4 SYSTEMPATH\CodeIgniter.php(355): CodeIgniter\CodeIgniter->handleRequest(null, Object(Config\Cache), false)
 5 SYSTEMPATH\Boot.php(312): CodeIgniter\CodeIgniter->run()
 6 SYSTEMPATH\Boot.php(67): CodeIgniter\Boot::runCodeIgniter(Object(CodeIgniter\CodeIgniter))
 7 FCPATH\index.php(56): CodeIgniter\Boot::bootWeb(Object(Config\Paths))
CRITICAL - 2025-02-26 05:02:18 --> CodeIgniter\HTTP\Exceptions\BadRequestException: The URI you submitted has disallowed characters: "   valueOfElement..dtgroup_pic'"
[Method: GET, Route: uploads/%20%20%20valueOfElement..dtgroup_pic%27]
in SYSTEMPATH\Router\Router.php on line 736.
 1 SYSTEMPATH\Router\Router.php(203): CodeIgniter\Router\Router->checkDisallowedChars('uploads/   valueOfElement..dtgroup_pic\'')
 2 SYSTEMPATH\CodeIgniter.php(834): CodeIgniter\Router\Router->handle('uploads/   valueOfElement..dtgroup_pic\'')
 3 SYSTEMPATH\CodeIgniter.php(457): CodeIgniter\CodeIgniter->tryToRouteIt(Object(CodeIgniter\Router\RouteCollection))
 4 SYSTEMPATH\CodeIgniter.php(355): CodeIgniter\CodeIgniter->handleRequest(null, Object(Config\Cache), false)
 5 SYSTEMPATH\Boot.php(312): CodeIgniter\CodeIgniter->run()
 6 SYSTEMPATH\Boot.php(67): CodeIgniter\Boot::runCodeIgniter(Object(CodeIgniter\CodeIgniter))
 7 FCPATH\index.php(56): CodeIgniter\Boot::bootWeb(Object(Config\Paths))
ERROR - 2025-02-26 05:03:50 --> user id is : 6
ERROR - 2025-02-26 05:06:54 --> user id is : 6
ERROR - 2025-02-26 05:13:53 --> mysqli_sql_exception: Unknown column 'enrolledgroup.dtgroup_pic' in 'field list' in C:\xampp\htdocs\project-root\system\Database\MySQLi\Connection.php:308
Stack trace:
#0 C:\xampp\htdocs\project-root\system\Database\MySQLi\Connection.php(308): mysqli->query('SELECT  \r\n     ...', 0)
#1 C:\xampp\htdocs\project-root\system\Database\BaseConnection.php(722): CodeIgniter\Database\MySQLi\Connection->execute('SELECT  \r\n     ...')
#2 C:\xampp\htdocs\project-root\system\Database\BaseConnection.php(636): CodeIgniter\Database\BaseConnection->simpleQuery('SELECT  \r\n     ...')
#3 C:\xampp\htdocs\project-root\app\Models\EnrolledgroupModel.php(38): CodeIgniter\Database\BaseConnection->query('SELECT  \r\n     ...', Array)
#4 C:\xampp\htdocs\project-root\app\Controllers\Group.php(103): App\Models\EnrolledgroupModel->get_enrolledgroup_by_user_id('6')
#5 C:\xampp\htdocs\project-root\system\CodeIgniter.php(933): App\Controllers\Group->user_group_list()
#6 C:\xampp\htdocs\project-root\system\CodeIgniter.php(509): CodeIgniter\CodeIgniter->runController(Object(App\Controllers\Group))
#7 C:\xampp\htdocs\project-root\system\CodeIgniter.php(355): CodeIgniter\CodeIgniter->handleRequest(NULL, Object(Config\Cache), false)
#8 C:\xampp\htdocs\project-root\system\Boot.php(312): CodeIgniter\CodeIgniter->run()
#9 C:\xampp\htdocs\project-root\system\Boot.php(67): CodeIgniter\Boot::runCodeIgniter(Object(CodeIgniter\CodeIgniter))
#10 C:\xampp\htdocs\project-root\public\index.php(56): CodeIgniter\Boot::bootWeb(Object(Config\Paths))
#11 {main}
CRITICAL - 2025-02-26 05:13:53 --> CodeIgniter\Database\Exceptions\DatabaseException: Unknown column 'enrolledgroup.dtgroup_pic' in 'field list'
[Method: POST, Route: group/user_group_list]
in SYSTEMPATH\Database\BaseConnection.php on line 676.
 1 APPPATH\Models\EnrolledgroupModel.php(38): CodeIgniter\Database\BaseConnection->query('SELECT  
            enrolledgroup.enrolledgroup_id, 
            enrolledgroup.user_id, 
            enrolledgroup.dtgroup_id, 
            enrolledgroup.dtgroup_pic,
            enrolledgroup.enrolledgroup_role,
            enrolledgroup.enrolledgroup_as_doc_verifier,
            dtgroup.dtgroup_name
        FROM enrolledgroup
        LEFT JOIN dtgroup ON dtgroup.dtgroup_id = enrolledgroup.dtgroup_id 
        WHERE enrolledgroup.user_id = ?

    ', [...])
 2 APPPATH\Controllers\Group.php(103): App\Models\EnrolledgroupModel->get_enrolledgroup_by_user_id('6')
 3 SYSTEMPATH\CodeIgniter.php(933): App\Controllers\Group->user_group_list()
 4 SYSTEMPATH\CodeIgniter.php(509): CodeIgniter\CodeIgniter->runController(Object(App\Controllers\Group))
 5 SYSTEMPATH\CodeIgniter.php(355): CodeIgniter\CodeIgniter->handleRequest(null, Object(Config\Cache), false)
 6 SYSTEMPATH\Boot.php(312): CodeIgniter\CodeIgniter->run()
 7 SYSTEMPATH\Boot.php(67): CodeIgniter\Boot::runCodeIgniter(Object(CodeIgniter\CodeIgniter))
 8 FCPATH\index.php(56): CodeIgniter\Boot::bootWeb(Object(Config\Paths))
CRITICAL - 2025-02-26 05:13:53 --> [Caused by] CodeIgniter\Database\Exceptions\DatabaseException: Unknown column 'enrolledgroup.dtgroup_pic' in 'field list'
in SYSTEMPATH\Database\MySQLi\Connection.php on line 313.
 1 SYSTEMPATH\Database\BaseConnection.php(722): CodeIgniter\Database\MySQLi\Connection->execute('SELECT  
            enrolledgroup.enrolledgroup_id, 
            enrolledgroup.user_id, 
            enrolledgroup.dtgroup_id, 
            enrolledgroup.dtgroup_pic,
            enrolledgroup.enrolledgroup_role,
            enrolledgroup.enrolledgroup_as_doc_verifier,
            dtgroup.dtgroup_name
        FROM enrolledgroup
        LEFT JOIN dtgroup ON dtgroup.dtgroup_id = enrolledgroup.dtgroup_id 
        WHERE enrolledgroup.user_id = \'6\'

    ')
 2 SYSTEMPATH\Database\BaseConnection.php(636): CodeIgniter\Database\BaseConnection->simpleQuery('SELECT  
            enrolledgroup.enrolledgroup_id, 
            enrolledgroup.user_id, 
            enrolledgroup.dtgroup_id, 
            enrolledgroup.dtgroup_pic,
            enrolledgroup.enrolledgroup_role,
            enrolledgroup.enrolledgroup_as_doc_verifier,
            dtgroup.dtgroup_name
        FROM enrolledgroup
        LEFT JOIN dtgroup ON dtgroup.dtgroup_id = enrolledgroup.dtgroup_id 
        WHERE enrolledgroup.user_id = \'6\'

    ')
 3 APPPATH\Models\EnrolledgroupModel.php(38): CodeIgniter\Database\BaseConnection->query('SELECT  
            enrolledgroup.enrolledgroup_id, 
            enrolledgroup.user_id, 
            enrolledgroup.dtgroup_id, 
            enrolledgroup.dtgroup_pic,
            enrolledgroup.enrolledgroup_role,
            enrolledgroup.enrolledgroup_as_doc_verifier,
            dtgroup.dtgroup_name
        FROM enrolledgroup
        LEFT JOIN dtgroup ON dtgroup.dtgroup_id = enrolledgroup.dtgroup_id 
        WHERE enrolledgroup.user_id = ?

    ', [...])
 4 APPPATH\Controllers\Group.php(103): App\Models\EnrolledgroupModel->get_enrolledgroup_by_user_id('6')
 5 SYSTEMPATH\CodeIgniter.php(933): App\Controllers\Group->user_group_list()
 6 SYSTEMPATH\CodeIgniter.php(509): CodeIgniter\CodeIgniter->runController(Object(App\Controllers\Group))
 7 SYSTEMPATH\CodeIgniter.php(355): CodeIgniter\CodeIgniter->handleRequest(null, Object(Config\Cache), false)
 8 SYSTEMPATH\Boot.php(312): CodeIgniter\CodeIgniter->run()
 9 SYSTEMPATH\Boot.php(67): CodeIgniter\Boot::runCodeIgniter(Object(CodeIgniter\CodeIgniter))
10 FCPATH\index.php(56): CodeIgniter\Boot::bootWeb(Object(Config\Paths))
CRITICAL - 2025-02-26 05:13:53 --> [Caused by] mysqli_sql_exception: Unknown column 'enrolledgroup.dtgroup_pic' in 'field list'
in SYSTEMPATH\Database\MySQLi\Connection.php on line 308.
 1 SYSTEMPATH\Database\MySQLi\Connection.php(308): mysqli->query('SELECT  
            enrolledgroup.enrolledgroup_id, 
            enrolledgroup.user_id, 
            enrolledgroup.dtgroup_id, 
            enrolledgroup.dtgroup_pic,
            enrolledgroup.enrolledgroup_role,
            enrolledgroup.enrolledgroup_as_doc_verifier,
            dtgroup.dtgroup_name
        FROM enrolledgroup
        LEFT JOIN dtgroup ON dtgroup.dtgroup_id = enrolledgroup.dtgroup_id 
        WHERE enrolledgroup.user_id = \'6\'

    ', 0)
 2 SYSTEMPATH\Database\BaseConnection.php(722): CodeIgniter\Database\MySQLi\Connection->execute('SELECT  
            enrolledgroup.enrolledgroup_id, 
            enrolledgroup.user_id, 
            enrolledgroup.dtgroup_id, 
            enrolledgroup.dtgroup_pic,
            enrolledgroup.enrolledgroup_role,
            enrolledgroup.enrolledgroup_as_doc_verifier,
            dtgroup.dtgroup_name
        FROM enrolledgroup
        LEFT JOIN dtgroup ON dtgroup.dtgroup_id = enrolledgroup.dtgroup_id 
        WHERE enrolledgroup.user_id = \'6\'

    ')
 3 SYSTEMPATH\Database\BaseConnection.php(636): CodeIgniter\Database\BaseConnection->simpleQuery('SELECT  
            enrolledgroup.enrolledgroup_id, 
            enrolledgroup.user_id, 
            enrolledgroup.dtgroup_id, 
            enrolledgroup.dtgroup_pic,
            enrolledgroup.enrolledgroup_role,
            enrolledgroup.enrolledgroup_as_doc_verifier,
            dtgroup.dtgroup_name
        FROM enrolledgroup
        LEFT JOIN dtgroup ON dtgroup.dtgroup_id = enrolledgroup.dtgroup_id 
        WHERE enrolledgroup.user_id = \'6\'

    ')
 4 APPPATH\Models\EnrolledgroupModel.php(38): CodeIgniter\Database\BaseConnection->query('SELECT  
            enrolledgroup.enrolledgroup_id, 
            enrolledgroup.user_id, 
            enrolledgroup.dtgroup_id, 
            enrolledgroup.dtgroup_pic,
            enrolledgroup.enrolledgroup_role,
            enrolledgroup.enrolledgroup_as_doc_verifier,
            dtgroup.dtgroup_name
        FROM enrolledgroup
        LEFT JOIN dtgroup ON dtgroup.dtgroup_id = enrolledgroup.dtgroup_id 
        WHERE enrolledgroup.user_id = ?

    ', [...])
 5 APPPATH\Controllers\Group.php(103): App\Models\EnrolledgroupModel->get_enrolledgroup_by_user_id('6')
 6 SYSTEMPATH\CodeIgniter.php(933): App\Controllers\Group->user_group_list()
 7 SYSTEMPATH\CodeIgniter.php(509): CodeIgniter\CodeIgniter->runController(Object(App\Controllers\Group))
 8 SYSTEMPATH\CodeIgniter.php(355): CodeIgniter\CodeIgniter->handleRequest(null, Object(Config\Cache), false)
 9 SYSTEMPATH\Boot.php(312): CodeIgniter\CodeIgniter->run()
10 SYSTEMPATH\Boot.php(67): CodeIgniter\Boot::runCodeIgniter(Object(CodeIgniter\CodeIgniter))
11 FCPATH\index.php(56): CodeIgniter\Boot::bootWeb(Object(Config\Paths))
ERROR - 2025-02-26 05:39:16 --> user id is : 6
ERROR - 2025-02-26 05:46:54 --> file existsC:\xampp\htdocs\project-root\public/uploads/1718621479_34cc4e6ec0b655dce4a0.png
ERROR - 2025-02-26 06:44:20 --> user id is : 6
ERROR - 2025-02-26 06:44:21 --> user id is : 6
ERROR - 2025-02-26 06:44:26 --> user id is : 6
ERROR - 2025-02-26 06:44:28 --> user id is : 6
ERROR - 2025-02-26 06:44:29 --> user id is : 6
ERROR - 2025-02-26 06:45:37 --> user id is : 6
ERROR - 2025-02-26 06:45:37 --> user id is : 6
ERROR - 2025-02-26 06:45:43 --> user id is : 6
ERROR - 2025-02-26 06:45:47 --> user id is : 6
ERROR - 2025-02-26 06:45:47 --> user id is : 6
ERROR - 2025-02-26 06:45:47 --> user id is : 6
ERROR - 2025-02-26 06:45:53 --> user id is : 6
CRITICAL - 2025-02-26 12:19:29 --> ErrorException: Trying to access array offset on value of type null
[Method: POST, Route: document_details]
in APPPATH\Controllers\Home.php on line 260.
 1 APPPATH\Controllers\Home.php(260): CodeIgniter\Debug\Exceptions->errorHandler(2, 'Trying to access array offset on value of type null', 'C:\\xampp\\htdocs\\project-root\\app\\Controllers\\Home.php', 260)
 2 SYSTEMPATH\CodeIgniter.php(933): App\Controllers\Home->document_details()
 3 SYSTEMPATH\CodeIgniter.php(509): CodeIgniter\CodeIgniter->runController(Object(App\Controllers\Home))
 4 SYSTEMPATH\CodeIgniter.php(355): CodeIgniter\CodeIgniter->handleRequest(null, Object(Config\Cache), false)
 5 SYSTEMPATH\Boot.php(312): CodeIgniter\CodeIgniter->run()
 6 SYSTEMPATH\Boot.php(67): CodeIgniter\Boot::runCodeIgniter(Object(CodeIgniter\CodeIgniter))
 7 FCPATH\index.php(56): CodeIgniter\Boot::bootWeb(Object(Config\Paths))
ERROR - 2025-02-26 21:28:58 --> user id is : 6
ERROR - 2025-02-26 21:29:00 --> user id is : 6
ERROR - 2025-02-26 21:29:00 --> user id is : 6
ERROR - 2025-02-26 21:29:00 --> user id is : 6
ERROR - 2025-02-26 21:35:29 --> user id is : 6
